d:\eduardo\projects\git\study\tantra\dll\nxh\src\nxh.kathana6\release\vc143.pdb
d:\eduardo\projects\git\study\tantra\dll\nxh\src\nxh.kathana6\release\.netframework,version=v4.7.2.assemblyattributes.obj
d:\eduardo\projects\git\study\tantra\dll\nxh\src\nxh.kathana6\release\pointermanager.obj
d:\eduardo\projects\git\study\tantra\dll\nxh\src\nxh.kathana6\release\menuview.obj
d:\eduardo\projects\git\study\tantra\dll\nxh\src\nxh.kathana6\release\main.obj
d:\eduardo\projects\git\study\tantra\dll\nxh\src\nxh.kathana6\release\gamememoryservice.obj
d:\eduardo\projects\git\study\tantra\dll\nxh\release\nxh.kathana6.dll
d:\eduardo\projects\git\study\tantra\dll\nxh\release\nxh.kathana6.pdb
d:\eduardo\projects\git\study\tantra\dll\nxh\src\nxh.kathana6\release\nxh.kathana6.tlog\cl.command.1.tlog
d:\eduardo\projects\git\study\tantra\dll\nxh\src\nxh.kathana6\release\nxh.kathana6.tlog\cl.items.tlog
d:\eduardo\projects\git\study\tantra\dll\nxh\src\nxh.kathana6\release\nxh.kathana6.tlog\cl.read.1.tlog
d:\eduardo\projects\git\study\tantra\dll\nxh\src\nxh.kathana6\release\nxh.kathana6.tlog\cl.write.1.tlog
d:\eduardo\projects\git\study\tantra\dll\nxh\src\nxh.kathana6\release\nxh.kathana6.tlog\link.command.1.tlog
d:\eduardo\projects\git\study\tantra\dll\nxh\src\nxh.kathana6\release\nxh.kathana6.tlog\link.read.1.tlog
d:\eduardo\projects\git\study\tantra\dll\nxh\src\nxh.kathana6\release\nxh.kathana6.tlog\link.secondary.1.tlog
d:\eduardo\projects\git\study\tantra\dll\nxh\src\nxh.kathana6\release\nxh.kathana6.tlog\link.write.1.tlog
d:\eduardo\projects\git\study\tantra\dll\nxh\src\nxh.kathana6\release\nxh.kathana6.tlog\metagen.read.1.tlog
d:\eduardo\projects\git\study\tantra\dll\nxh\src\nxh.kathana6\release\nxh.kathana6.tlog\metagen.write.1.tlog
d:\eduardo\projects\git\study\tantra\dll\nxh\src\nxh.kathana6\release\nxh.kathana6.tlog\resgen.command.1.tlog
d:\eduardo\projects\git\study\tantra\dll\nxh\src\nxh.kathana6\release\nxh.kathana6.tlog\resgen.read.1.tlog
d:\eduardo\projects\git\study\tantra\dll\nxh\src\nxh.kathana6\release\nxh.kathana6.tlog\resgen.write.1.tlog
