d:\eduardo\projects\git\study\tantra\dll\nxh\nxh.sdl.gl\x64\debug\vc143.pdb
d:\eduardo\projects\git\study\tantra\dll\nxh\nxh.sdl.gl\x64\debug\vc143.idb
d:\eduardo\projects\git\study\tantra\dll\nxh\nxh.sdl.gl\x64\debug\nuklear_sdl2_backend.obj
d:\eduardo\projects\git\study\tantra\dll\nxh\nxh.sdl.gl\x64\debug\main.obj
d:\eduardo\projects\git\study\tantra\dll\nxh\x64\debug\nxh.sdl.gl.pdb
d:\eduardo\projects\git\study\tantra\dll\nxh\nxh.sdl.gl\x64\debug\nxh.sdl.gl.tlog\cl.command.1.tlog
d:\eduardo\projects\git\study\tantra\dll\nxh\nxh.sdl.gl\x64\debug\nxh.sdl.gl.tlog\cl.read.1.tlog
d:\eduardo\projects\git\study\tantra\dll\nxh\nxh.sdl.gl\x64\debug\nxh.sdl.gl.tlog\cl.write.1.tlog
d:\eduardo\projects\git\study\tantra\dll\nxh\nxh.sdl.gl\x64\debug\nxh.sdl.gl.tlog\link-cvtres.read.1.tlog
d:\eduardo\projects\git\study\tantra\dll\nxh\nxh.sdl.gl\x64\debug\nxh.sdl.gl.tlog\link-cvtres.write.1.tlog
d:\eduardo\projects\git\study\tantra\dll\nxh\nxh.sdl.gl\x64\debug\nxh.sdl.gl.tlog\link-rc.read.1.tlog
d:\eduardo\projects\git\study\tantra\dll\nxh\nxh.sdl.gl\x64\debug\nxh.sdl.gl.tlog\link-rc.write.1.tlog
d:\eduardo\projects\git\study\tantra\dll\nxh\nxh.sdl.gl\x64\debug\nxh.sdl.gl.tlog\link.command.1.tlog
d:\eduardo\projects\git\study\tantra\dll\nxh\nxh.sdl.gl\x64\debug\nxh.sdl.gl.tlog\link.read.1.tlog
d:\eduardo\projects\git\study\tantra\dll\nxh\nxh.sdl.gl\x64\debug\nxh.sdl.gl.tlog\link.read.2.tlog
d:\eduardo\projects\git\study\tantra\dll\nxh\nxh.sdl.gl\x64\debug\nxh.sdl.gl.tlog\link.read.3.tlog
d:\eduardo\projects\git\study\tantra\dll\nxh\nxh.sdl.gl\x64\debug\nxh.sdl.gl.tlog\link.read.4.tlog
d:\eduardo\projects\git\study\tantra\dll\nxh\nxh.sdl.gl\x64\debug\nxh.sdl.gl.tlog\link.read.5.tlog
d:\eduardo\projects\git\study\tantra\dll\nxh\nxh.sdl.gl\x64\debug\nxh.sdl.gl.tlog\link.read.6.tlog
d:\eduardo\projects\git\study\tantra\dll\nxh\nxh.sdl.gl\x64\debug\nxh.sdl.gl.tlog\link.write.1.tlog
