d:\eduardo\projects\git\study\tantra\dll\nxh\src\nxh.kathana6.processmanager\x64\debug\vc143.pdb
d:\eduardo\projects\git\study\tantra\dll\nxh\src\nxh.kathana6.processmanager\x64\debug\vc143.idb
d:\eduardo\projects\git\study\tantra\dll\nxh\src\nxh.kathana6.processmanager\x64\debug\window.obj
d:\eduardo\projects\git\study\tantra\dll\nxh\src\nxh.kathana6.processmanager\x64\debug\ui.obj
d:\eduardo\projects\git\study\tantra\dll\nxh\src\nxh.kathana6.processmanager\x64\debug\style.obj
d:\eduardo\projects\git\study\tantra\dll\nxh\src\nxh.kathana6.processmanager\x64\debug\main.obj
d:\eduardo\projects\git\study\tantra\dll\nxh\src\nxh.kathana6.processmanager\x64\debug\blur.obj
d:\eduardo\projects\git\study\tantra\dll\nxh\src\nxh.kathana6.processmanager\x64\debug\nuklear_backend.obj
d:\eduardo\projects\git\study\tantra\dll\nxh\x64\debug\nxh.kathana6.processmanager.pdb
d:\eduardo\projects\git\study\tantra\dll\nxh\src\nxh.kathana6.processmanager\x64\debug\nxh.kath.16d097dd.tlog\cl.command.1.tlog
d:\eduardo\projects\git\study\tantra\dll\nxh\src\nxh.kathana6.processmanager\x64\debug\nxh.kath.16d097dd.tlog\cl.read.1.tlog
d:\eduardo\projects\git\study\tantra\dll\nxh\src\nxh.kathana6.processmanager\x64\debug\nxh.kath.16d097dd.tlog\cl.write.1.tlog
d:\eduardo\projects\git\study\tantra\dll\nxh\src\nxh.kathana6.processmanager\x64\debug\nxh.kath.16d097dd.tlog\link-cvtres.read.1.tlog
d:\eduardo\projects\git\study\tantra\dll\nxh\src\nxh.kathana6.processmanager\x64\debug\nxh.kath.16d097dd.tlog\link-cvtres.write.1.tlog
d:\eduardo\projects\git\study\tantra\dll\nxh\src\nxh.kathana6.processmanager\x64\debug\nxh.kath.16d097dd.tlog\link-rc.read.1.tlog
d:\eduardo\projects\git\study\tantra\dll\nxh\src\nxh.kathana6.processmanager\x64\debug\nxh.kath.16d097dd.tlog\link-rc.write.1.tlog
d:\eduardo\projects\git\study\tantra\dll\nxh\src\nxh.kathana6.processmanager\x64\debug\nxh.kath.16d097dd.tlog\link.command.1.tlog
d:\eduardo\projects\git\study\tantra\dll\nxh\src\nxh.kathana6.processmanager\x64\debug\nxh.kath.16d097dd.tlog\link.read.1.tlog
d:\eduardo\projects\git\study\tantra\dll\nxh\src\nxh.kathana6.processmanager\x64\debug\nxh.kath.16d097dd.tlog\link.read.2.tlog
d:\eduardo\projects\git\study\tantra\dll\nxh\src\nxh.kathana6.processmanager\x64\debug\nxh.kath.16d097dd.tlog\link.read.3.tlog
d:\eduardo\projects\git\study\tantra\dll\nxh\src\nxh.kathana6.processmanager\x64\debug\nxh.kath.16d097dd.tlog\link.read.4.tlog
d:\eduardo\projects\git\study\tantra\dll\nxh\src\nxh.kathana6.processmanager\x64\debug\nxh.kath.16d097dd.tlog\link.read.5.tlog
d:\eduardo\projects\git\study\tantra\dll\nxh\src\nxh.kathana6.processmanager\x64\debug\nxh.kath.16d097dd.tlog\link.read.6.tlog
d:\eduardo\projects\git\study\tantra\dll\nxh\src\nxh.kathana6.processmanager\x64\debug\nxh.kath.16d097dd.tlog\link.write.1.tlog
